<?xml version="1.0" encoding="UTF-8"?><TestSessionContainer xmlns="http://www.codecover.org/xml/testsession-container" Date="1422700997358" TestSessionContainerId="96a6f889-8bfe-4540-a236-4c7a2c9b9c2e" version="1.0">
<SrcFileList>
<SrcFile Content="package samochody;&#13;&#10;&#13;&#10;import java.io.Serializable;&#13;&#10;&#13;&#10;public class Samochod implements Serializable{&#13;&#10;&#9;private static final long serialVersionUID = 8931683992792155999L;&#13;&#10;&#9;private String rejestracja;&#13;&#10;&#9;private float wartosc;&#13;&#10;&#9;private float amortyzacja;&#13;&#10;&#9;private String marka;&#13;&#10;&#9;&#13;&#10;&#9;public Samochod(String rejestracja, float wartosc, float amortyzacja, String marka)&#13;&#10;&#9;{&#13;&#10;&#9;&#9;this.rejestracja=rejestracja;&#13;&#10;&#9;&#9;this.wartosc=wartosc;&#13;&#10;&#9;&#9;this.amortyzacja=amortyzacja;&#13;&#10;&#9;&#9;this.marka = marka;&#13;&#10;&#9;}&#13;&#10;&#9;&#13;&#10;&#9;public String getMarka() {return marka;}&#13;&#10;&#13;&#10;&#9;public String getRejestracja()&#13;&#10;&#9;{&#13;&#10;&#9;&#9;return rejestracja;&#13;&#10;&#9;}&#13;&#10;&#9;public void amortyzuj()&#13;&#10;&#9;{&#13;&#10;&#9;&#9;this.wartosc-=this.wartosc*this.amortyzacja/100.0;&#13;&#10;&#9;}&#13;&#10;&#9;public float getWartosc()&#13;&#10;&#9;{&#13;&#10;&#9;&#9;return this.wartosc;&#13;&#10;&#9;}&#13;&#10;&#9;&#13;&#10;}&#13;&#10;" Filename="Samochod.java" Intrnl_Id="1"/>
<SrcFile Content="package samochody;&#13;&#10;&#13;&#10;import java.io.Serializable;&#13;&#10;import java.util.ArrayList;&#13;&#10;import java.util.Iterator;&#13;&#10;&#13;&#10;public class Kierowca implements Serializable {&#13;&#10;&#13;&#10;&#9;private static final long serialVersionUID = 1L;&#13;&#10;&#9;private int pesel;&#13;&#10;&#9;private String imie;&#13;&#10;&#9;private String nazwisko;&#13;&#10;&#9;private String adres;&#13;&#10;&#9;private ArrayList&lt;Samochod&gt; samochody;&#13;&#10;&#9;&#13;&#10;&#9;public Kierowca(int pesel, String imie, String nazwisko, String adres) {&#13;&#10;&#9;&#9;this.pesel = pesel;&#13;&#10;&#9;&#9;this.imie = imie;&#13;&#10;&#9;&#9;this.nazwisko = nazwisko;&#13;&#10;&#9;&#9;this.adres = adres;&#13;&#10;&#9;&#9;this.samochody = new ArrayList&lt;Samochod&gt;();&#13;&#10;&#9;}&#13;&#10;&#13;&#10;&#9;public String getAdres() {return adres;}&#13;&#10;&#9;public void setAdres(String adres) {this.adres = adres;}&#13;&#10;&#9;public int getPesel(){return pesel;}&#13;&#10;&#9;public Samochod znajdzSamochod(String rejestracja)&#13;&#10;&#9;{&#9;&#9; &#9;&#9;   &#13;&#10;&#9;&#9;  for (Iterator&lt;Samochod&gt; it = samochody.iterator(); it.hasNext (); ) {&#13;&#10;&#9;&#9;    Samochod k = it.next();&#13;&#10;&#9;&#9;    if(k.getRejestracja()==rejestracja)&#13;&#10;&#9;&#9;    &#9;return k;&#13;&#10;&#9;&#9;  }&#13;&#10;&#9;&#9;return null;&#13;&#10;&#9;}&#13;&#10;&#9;public String getImieINazwisko()&#13;&#10;&#9;{&#13;&#10;&#9;&#9;return imie+&quot; &quot;+ nazwisko;&#13;&#10;&#9;}&#13;&#10;&#9;public void amortyzujSamochody()&#13;&#10;&#9;{&#13;&#10;&#9;&#9; for (Iterator&lt;Samochod&gt; it = samochody.iterator(); it.hasNext (); ) {&#13;&#10;&#9;&#9;&#9;    Samochod k = it.next();&#13;&#10;&#9;&#9;&#9;    k.amortyzuj();&#13;&#10;&#9;&#9; }&#13;&#10;&#9;}&#9;&#13;&#10;&#9;public void dodajSamochod(Samochod samochod)&#13;&#10;&#9;{&#13;&#10;&#9;&#9;samochody.add(samochod);&#13;&#10;&#9;}&#13;&#10;}&#13;&#10;" Filename="Kierowca.java" Intrnl_Id="2"/>
</SrcFileList>
<CritList>
<CritListEntry Name="org.codecover.model.utils.criteria.LoopCoverage" PluginName="org.codecover"/>
<CritListEntry Name="org.codecover.model.utils.criteria.BranchCoverage" PluginName="org.codecover"/>
<CritListEntry Name="org.codecover.model.utils.criteria.ConditionCoverage" PluginName="org.codecover"/>
<CritListEntry Name="org.codecover.model.utils.criteria.StatementCoverage" PluginName="org.codecover"/>
</CritList>
<BoolOpList/>
<HierarchyLvlTypeList>
<HierarchyLvlType EnglishName="package" IntrnlName="package" Intrnl_Id="3"/>
<HierarchyLvlType EnglishName="class" IntrnlName="class" Intrnl_Id="4"/>
<HierarchyLvlType EnglishName="method" IntrnlName="method" Intrnl_Id="5"/>
<HierarchyLvlType EnglishName="default package" IntrnlName="default package" Intrnl_Id="6"/>
</HierarchyLvlTypeList>
<MASTRoot>
<HierarchyLvl HierarchyLvlId="1210" HierarchyLvlTypeId="6" Intrnl_Id="7" Name="default package">
<Header/>
<LocList/>
<HierarchyLvl HierarchyLvlId="1209" HierarchyLvlTypeId="3" Intrnl_Id="8" Name="samochody">
<Header/>
<LocList/>
<HierarchyLvl HierarchyLvlId="1199" HierarchyLvlTypeId="4" Intrnl_Id="9" Name="Samochod">
<Header>
<Loc EndOffset="99" SrcFileId="1" StartOffset="54"/>
</Header>
<LocList>
<Loc EndOffset="754" SrcFileId="1" StartOffset="54"/>
</LocList>
<StmntSeq Intrnl_Id="10">
<LocList>
<Loc EndOffset="169" SrcFileId="1" StartOffset="103"/>
</LocList>
<BasicStmnt CovItemId="S1" CovItemPrefix="samochody.Samochod.java" Intrnl_Id="11">
<LocList>
<Loc EndOffset="169" SrcFileId="1" StartOffset="103"/>
</LocList>
</BasicStmnt>
</StmntSeq>
<HierarchyLvl HierarchyLvlId="1194" HierarchyLvlTypeId="5" Intrnl_Id="12" Name="Samochod">
<Header>
<Loc EndOffset="366" SrcFileId="1" StartOffset="283"/>
</Header>
<LocList>
<Loc EndOffset="488" SrcFileId="1" StartOffset="283"/>
</LocList>
<StmntSeq Intrnl_Id="13">
<LocList>
<Loc EndOffset="403" SrcFileId="1" StartOffset="374"/>
<Loc EndOffset="428" SrcFileId="1" StartOffset="407"/>
<Loc EndOffset="461" SrcFileId="1" StartOffset="432"/>
<Loc EndOffset="484" SrcFileId="1" StartOffset="465"/>
</LocList>
<BasicStmnt CovItemId="S2" CovItemPrefix="samochody.Samochod.java" Intrnl_Id="14">
<LocList>
<Loc EndOffset="403" SrcFileId="1" StartOffset="374"/>
</LocList>
</BasicStmnt>
<BasicStmnt CovItemId="S3" CovItemPrefix="samochody.Samochod.java" Intrnl_Id="15">
<LocList>
<Loc EndOffset="428" SrcFileId="1" StartOffset="407"/>
</LocList>
</BasicStmnt>
<BasicStmnt CovItemId="S4" CovItemPrefix="samochody.Samochod.java" Intrnl_Id="16">
<LocList>
<Loc EndOffset="461" SrcFileId="1" StartOffset="432"/>
</LocList>
</BasicStmnt>
<BasicStmnt CovItemId="S5" CovItemPrefix="samochody.Samochod.java" Intrnl_Id="17">
<LocList>
<Loc EndOffset="484" SrcFileId="1" StartOffset="465"/>
</LocList>
</BasicStmnt>
</StmntSeq>
</HierarchyLvl>
<HierarchyLvl HierarchyLvlId="1195" HierarchyLvlTypeId="5" Intrnl_Id="18" Name="getMarka">
<Header>
<Loc EndOffset="518" SrcFileId="1" StartOffset="494"/>
</Header>
<LocList>
<Loc EndOffset="534" SrcFileId="1" StartOffset="494"/>
</LocList>
<StmntSeq Intrnl_Id="19">
<LocList>
<Loc EndOffset="533" SrcFileId="1" StartOffset="520"/>
</LocList>
<BasicStmnt CovItemId="S6" CovItemPrefix="samochody.Samochod.java" Intrnl_Id="20">
<LocList>
<Loc EndOffset="533" SrcFileId="1" StartOffset="520"/>
</LocList>
</BasicStmnt>
</StmntSeq>
</HierarchyLvl>
<HierarchyLvl HierarchyLvlId="1196" HierarchyLvlTypeId="5" Intrnl_Id="21" Name="getRejestracja">
<Header>
<Loc EndOffset="569" SrcFileId="1" StartOffset="539"/>
</Header>
<LocList>
<Loc EndOffset="600" SrcFileId="1" StartOffset="539"/>
</LocList>
<StmntSeq Intrnl_Id="22">
<LocList>
<Loc EndOffset="596" SrcFileId="1" StartOffset="577"/>
</LocList>
<BasicStmnt CovItemId="S7" CovItemPrefix="samochody.Samochod.java" Intrnl_Id="23">
<LocList>
<Loc EndOffset="596" SrcFileId="1" StartOffset="577"/>
</LocList>
</BasicStmnt>
</StmntSeq>
</HierarchyLvl>
<HierarchyLvl HierarchyLvlId="1197" HierarchyLvlTypeId="5" Intrnl_Id="24" Name="amortyzuj">
<Header>
<Loc EndOffset="626" SrcFileId="1" StartOffset="603"/>
</Header>
<LocList>
<Loc EndOffset="688" SrcFileId="1" StartOffset="603"/>
</LocList>
<StmntSeq Intrnl_Id="25">
<LocList>
<Loc EndOffset="684" SrcFileId="1" StartOffset="634"/>
</LocList>
<BasicStmnt CovItemId="S8" CovItemPrefix="samochody.Samochod.java" Intrnl_Id="26">
<LocList>
<Loc EndOffset="684" SrcFileId="1" StartOffset="634"/>
</LocList>
</BasicStmnt>
</StmntSeq>
</HierarchyLvl>
<HierarchyLvl HierarchyLvlId="1198" HierarchyLvlTypeId="5" Intrnl_Id="27" Name="getWartosc">
<Header>
<Loc EndOffset="716" SrcFileId="1" StartOffset="691"/>
</Header>
<LocList>
<Loc EndOffset="748" SrcFileId="1" StartOffset="691"/>
</LocList>
<StmntSeq Intrnl_Id="28">
<LocList>
<Loc EndOffset="744" SrcFileId="1" StartOffset="724"/>
</LocList>
<BasicStmnt CovItemId="S9" CovItemPrefix="samochody.Samochod.java" Intrnl_Id="29">
<LocList>
<Loc EndOffset="744" SrcFileId="1" StartOffset="724"/>
</LocList>
</BasicStmnt>
</StmntSeq>
</HierarchyLvl>
</HierarchyLvl>
<HierarchyLvl HierarchyLvlId="1208" HierarchyLvlTypeId="4" Intrnl_Id="30" Name="Kierowca">
<Header>
<Loc EndOffset="156" SrcFileId="2" StartOffset="111"/>
</Header>
<LocList>
<Loc EndOffset="1312" SrcFileId="2" StartOffset="111"/>
</LocList>
<StmntSeq Intrnl_Id="31">
<LocList>
<Loc EndOffset="211" SrcFileId="2" StartOffset="163"/>
</LocList>
<BasicStmnt CovItemId="S1" CovItemPrefix="samochody.Kierowca.java" Intrnl_Id="32">
<LocList>
<Loc EndOffset="211" SrcFileId="2" StartOffset="163"/>
</LocList>
</BasicStmnt>
</StmntSeq>
<HierarchyLvl HierarchyLvlId="1200" HierarchyLvlTypeId="5" Intrnl_Id="33" Name="Kierowca">
<Header>
<Loc EndOffset="423" SrcFileId="2" StartOffset="353"/>
</Header>
<LocList>
<Loc EndOffset="572" SrcFileId="2" StartOffset="353"/>
</LocList>
<StmntSeq Intrnl_Id="34">
<LocList>
<Loc EndOffset="448" SrcFileId="2" StartOffset="429"/>
<Loc EndOffset="469" SrcFileId="2" StartOffset="452"/>
<Loc EndOffset="498" SrcFileId="2" StartOffset="473"/>
<Loc EndOffset="521" SrcFileId="2" StartOffset="502"/>
<Loc EndOffset="568" SrcFileId="2" StartOffset="525"/>
</LocList>
<BasicStmnt CovItemId="S2" CovItemPrefix="samochody.Kierowca.java" Intrnl_Id="35">
<LocList>
<Loc EndOffset="448" SrcFileId="2" StartOffset="429"/>
</LocList>
</BasicStmnt>
<BasicStmnt CovItemId="S3" CovItemPrefix="samochody.Kierowca.java" Intrnl_Id="36">
<LocList>
<Loc EndOffset="469" SrcFileId="2" StartOffset="452"/>
</LocList>
</BasicStmnt>
<BasicStmnt CovItemId="S4" CovItemPrefix="samochody.Kierowca.java" Intrnl_Id="37">
<LocList>
<Loc EndOffset="498" SrcFileId="2" StartOffset="473"/>
</LocList>
</BasicStmnt>
<BasicStmnt CovItemId="S5" CovItemPrefix="samochody.Kierowca.java" Intrnl_Id="38">
<LocList>
<Loc EndOffset="521" SrcFileId="2" StartOffset="502"/>
</LocList>
</BasicStmnt>
<BasicStmnt CovItemId="S6" CovItemPrefix="samochody.Kierowca.java" Intrnl_Id="39">
<LocList>
<Loc EndOffset="568" SrcFileId="2" StartOffset="525"/>
</LocList>
</BasicStmnt>
</StmntSeq>
</HierarchyLvl>
<HierarchyLvl HierarchyLvlId="1201" HierarchyLvlTypeId="5" Intrnl_Id="40" Name="getAdres">
<Header>
<Loc EndOffset="601" SrcFileId="2" StartOffset="577"/>
</Header>
<LocList>
<Loc EndOffset="617" SrcFileId="2" StartOffset="577"/>
</LocList>
<StmntSeq Intrnl_Id="41">
<LocList>
<Loc EndOffset="616" SrcFileId="2" StartOffset="603"/>
</LocList>
<BasicStmnt CovItemId="S7" CovItemPrefix="samochody.Kierowca.java" Intrnl_Id="42">
<LocList>
<Loc EndOffset="616" SrcFileId="2" StartOffset="603"/>
</LocList>
</BasicStmnt>
</StmntSeq>
</HierarchyLvl>
<HierarchyLvl HierarchyLvlId="1202" HierarchyLvlTypeId="5" Intrnl_Id="43" Name="setAdres">
<Header>
<Loc EndOffset="654" SrcFileId="2" StartOffset="620"/>
</Header>
<LocList>
<Loc EndOffset="676" SrcFileId="2" StartOffset="620"/>
</LocList>
<StmntSeq Intrnl_Id="44">
<LocList>
<Loc EndOffset="675" SrcFileId="2" StartOffset="656"/>
</LocList>
<BasicStmnt CovItemId="S8" CovItemPrefix="samochody.Kierowca.java" Intrnl_Id="45">
<LocList>
<Loc EndOffset="675" SrcFileId="2" StartOffset="656"/>
</LocList>
</BasicStmnt>
</StmntSeq>
</HierarchyLvl>
<HierarchyLvl HierarchyLvlId="1203" HierarchyLvlTypeId="5" Intrnl_Id="46" Name="getPesel">
<Header>
<Loc EndOffset="700" SrcFileId="2" StartOffset="679"/>
</Header>
<LocList>
<Loc EndOffset="715" SrcFileId="2" StartOffset="679"/>
</LocList>
<StmntSeq Intrnl_Id="47">
<LocList>
<Loc EndOffset="714" SrcFileId="2" StartOffset="701"/>
</LocList>
<BasicStmnt CovItemId="S9" CovItemPrefix="samochody.Kierowca.java" Intrnl_Id="48">
<LocList>
<Loc EndOffset="714" SrcFileId="2" StartOffset="701"/>
</LocList>
</BasicStmnt>
</StmntSeq>
</HierarchyLvl>
<HierarchyLvl HierarchyLvlId="1204" HierarchyLvlTypeId="5" Intrnl_Id="49" Name="znajdzSamochod">
<Header>
<Loc EndOffset="768" SrcFileId="2" StartOffset="718"/>
</Header>
<LocList>
<Loc EndOffset="974" SrcFileId="2" StartOffset="718"/>
</LocList>
<StmntSeq Intrnl_Id="50">
<LocList>
<Loc EndOffset="954" SrcFileId="2" StartOffset="786"/>
<Loc EndOffset="970" SrcFileId="2" StartOffset="958"/>
</LocList>
<LoopStmnt CovItemId="S10" CovItemPrefix="samochody.Kierowca.java" Intrnl_Id="51" MltplExecId="L1-2" MltplExecPrefix="samochody.Kierowca.java" NvrExecId="L1-0" NvrExecPrefix="samochody.Kierowca.java" OnceExecutedId="L1-1" OnceExecutedPrefix="samochody.Kierowca.java" OptBodyExec="true">
<StmntSeq Intrnl_Id="52">
<LocList>
<Loc EndOffset="886" SrcFileId="2" StartOffset="863"/>
<Loc EndOffset="947" SrcFileId="2" StartOffset="894"/>
</LocList>
<BasicStmnt CovItemId="S11" CovItemPrefix="samochody.Kierowca.java" Intrnl_Id="53">
<LocList>
<Loc EndOffset="886" SrcFileId="2" StartOffset="863"/>
</LocList>
</BasicStmnt>
<CondStmnt CovItemId="S12" CovItemPrefix="samochody.Kierowca.java" Intrnl_Id="54">
<Branch CovItemId="B1" CovItemPrefix="samochody.Kierowca.java" Implct="false" Intrnl_Id="55">
<Cond/>
<LocList>
<Loc EndOffset="947" SrcFileId="2" StartOffset="938"/>
</LocList>
<StmntSeq Intrnl_Id="56">
<LocList>
<Loc EndOffset="947" SrcFileId="2" StartOffset="938"/>
</LocList>
<BasicStmnt CovItemId="S13" CovItemPrefix="samochody.Kierowca.java" Intrnl_Id="57">
<LocList>
<Loc EndOffset="947" SrcFileId="2" StartOffset="938"/>
</LocList>
</BasicStmnt>
</StmntSeq>
</Branch>
<Branch CovItemId="B2" CovItemPrefix="samochody.Kierowca.java" Implct="true" Intrnl_Id="58">
<Cond/>
<LocList/>
<StmntSeq Intrnl_Id="59">
<LocList/>
</StmntSeq>
</Branch>
<Keyword EndOffset="896" SrcFileId="2" StartOffset="894"/>
<LocList>
<Loc EndOffset="947" SrcFileId="2" StartOffset="894"/>
</LocList>
<RootTerm CovItemId="C2" CovItemPrefix="samochody.Kierowca.java" Intrnl_Id="60">
<BasicBoolTerm Intrnl_Id="61">
<LocList>
<Loc EndOffset="928" SrcFileId="2" StartOffset="897"/>
</LocList>
</BasicBoolTerm>
</RootTerm>
</CondStmnt>
</StmntSeq>
<Keyword EndOffset="789" SrcFileId="2" StartOffset="786"/>
<LocList>
<Loc EndOffset="954" SrcFileId="2" StartOffset="786"/>
</LocList>
<RootTerm CovItemId="C1" CovItemPrefix="samochody.Kierowca.java" Intrnl_Id="62">
<BasicBoolTerm Intrnl_Id="63">
<LocList>
<Loc EndOffset="850" SrcFileId="2" StartOffset="837"/>
</LocList>
</BasicBoolTerm>
</RootTerm>
</LoopStmnt>
<BasicStmnt CovItemId="S14" CovItemPrefix="samochody.Kierowca.java" Intrnl_Id="64">
<LocList>
<Loc EndOffset="970" SrcFileId="2" StartOffset="958"/>
</LocList>
</BasicStmnt>
</StmntSeq>
</HierarchyLvl>
<HierarchyLvl HierarchyLvlId="1205" HierarchyLvlTypeId="5" Intrnl_Id="65" Name="getImieINazwisko">
<Header>
<Loc EndOffset="1009" SrcFileId="2" StartOffset="977"/>
</Header>
<LocList>
<Loc EndOffset="1047" SrcFileId="2" StartOffset="977"/>
</LocList>
<StmntSeq Intrnl_Id="66">
<LocList>
<Loc EndOffset="1043" SrcFileId="2" StartOffset="1017"/>
</LocList>
<BasicStmnt CovItemId="S15" CovItemPrefix="samochody.Kierowca.java" Intrnl_Id="67">
<LocList>
<Loc EndOffset="1043" SrcFileId="2" StartOffset="1017"/>
</LocList>
</BasicStmnt>
</StmntSeq>
</HierarchyLvl>
<HierarchyLvl HierarchyLvlId="1206" HierarchyLvlTypeId="5" Intrnl_Id="68" Name="amortyzujSamochody">
<Header>
<Loc EndOffset="1082" SrcFileId="2" StartOffset="1050"/>
</Header>
<LocList>
<Loc EndOffset="1225" SrcFileId="2" StartOffset="1050"/>
</LocList>
<StmntSeq Intrnl_Id="69">
<LocList>
<Loc EndOffset="1221" SrcFileId="2" StartOffset="1091"/>
</LocList>
<LoopStmnt CovItemId="S16" CovItemPrefix="samochody.Kierowca.java" Intrnl_Id="70" MltplExecId="L2-2" MltplExecPrefix="samochody.Kierowca.java" NvrExecId="L2-0" NvrExecPrefix="samochody.Kierowca.java" OnceExecutedId="L2-1" OnceExecutedPrefix="samochody.Kierowca.java" OptBodyExec="true">
<StmntSeq Intrnl_Id="71">
<LocList>
<Loc EndOffset="1192" SrcFileId="2" StartOffset="1169"/>
<Loc EndOffset="1215" SrcFileId="2" StartOffset="1201"/>
</LocList>
<BasicStmnt CovItemId="S17" CovItemPrefix="samochody.Kierowca.java" Intrnl_Id="72">
<LocList>
<Loc EndOffset="1192" SrcFileId="2" StartOffset="1169"/>
</LocList>
</BasicStmnt>
<BasicStmnt CovItemId="S18" CovItemPrefix="samochody.Kierowca.java" Intrnl_Id="73">
<LocList>
<Loc EndOffset="1215" SrcFileId="2" StartOffset="1201"/>
</LocList>
</BasicStmnt>
</StmntSeq>
<Keyword EndOffset="1094" SrcFileId="2" StartOffset="1091"/>
<LocList>
<Loc EndOffset="1221" SrcFileId="2" StartOffset="1091"/>
</LocList>
<RootTerm CovItemId="C3" CovItemPrefix="samochody.Kierowca.java" Intrnl_Id="74">
<BasicBoolTerm Intrnl_Id="75">
<LocList>
<Loc EndOffset="1155" SrcFileId="2" StartOffset="1142"/>
</LocList>
</BasicBoolTerm>
</RootTerm>
</LoopStmnt>
</StmntSeq>
</HierarchyLvl>
<HierarchyLvl HierarchyLvlId="1207" HierarchyLvlTypeId="5" Intrnl_Id="76" Name="dodajSamochod">
<Header>
<Loc EndOffset="1273" SrcFileId="2" StartOffset="1229"/>
</Header>
<LocList>
<Loc EndOffset="1309" SrcFileId="2" StartOffset="1229"/>
</LocList>
<StmntSeq Intrnl_Id="77">
<LocList>
<Loc EndOffset="1305" SrcFileId="2" StartOffset="1281"/>
</LocList>
<BasicStmnt CovItemId="S19" CovItemPrefix="samochody.Kierowca.java" Intrnl_Id="78">
<LocList>
<Loc EndOffset="1305" SrcFileId="2" StartOffset="1281"/>
</LocList>
</BasicStmnt>
</StmntSeq>
</HierarchyLvl>
</HierarchyLvl>
</HierarchyLvl>
</HierarchyLvl>
</MASTRoot>
<TestSession Comment="" Date="1422701002186" Name="2015-01-31 11:43:22">
<TestCase Comment="" Date="1422701001889" Name="samochody.KierowcaSamochodTesty:testAmortyzacjaSamochodu">
<CovList>
<CovPrefix CovItemPrefix="samochody.Kierowca.java">
<Cov CovItemId="L2-1" Value="1"/>
<Cov CovItemId="S1" Value="1"/>
<Cov CovItemId="S16" Value="1"/>
<Cov CovItemId="S17" Value="1"/>
<Cov CovItemId="S18" Value="1"/>
<Cov CovItemId="S19" Value="1"/>
<Cov CovItemId="S2" Value="1"/>
<Cov CovItemId="S3" Value="1"/>
<Cov CovItemId="S4" Value="1"/>
<Cov CovItemId="S5" Value="1"/>
<Cov CovItemId="S6" Value="1"/>
</CovPrefix>
<CovPrefix CovItemPrefix="samochody.Samochod.java">
<Cov CovItemId="S1" Value="1"/>
</CovPrefix>
</CovList>
<AssgnmntList>
<AssgnmntPrefix RootTermCovItemPrefix="samochody.Kierowca.java">
<AssgnmntListEntry Length="1" RootTermCovItemId="C3">
<MapEntry BoolAssgnmnt="0" Value="1"/>
<MapEntry BoolAssgnmnt="1" Value="1"/>
</AssgnmntListEntry>
</AssgnmntPrefix>
</AssgnmntList>
<ObjMetaDataList/>
<MetaDataList/>
</TestCase>
<TestCase Comment="" Date="1422701002093" Name="samochody.KierowcaTesty:testZnajdzSamochodJeden">
<CovList>
<CovPrefix CovItemPrefix="samochody.Kierowca.java">
<Cov CovItemId="B1" Value="1"/>
<Cov CovItemId="L1-1" Value="1"/>
<Cov CovItemId="S10" Value="1"/>
<Cov CovItemId="S11" Value="1"/>
<Cov CovItemId="S12" Value="1"/>
<Cov CovItemId="S13" Value="1"/>
<Cov CovItemId="S19" Value="1"/>
<Cov CovItemId="S2" Value="1"/>
<Cov CovItemId="S3" Value="1"/>
<Cov CovItemId="S4" Value="1"/>
<Cov CovItemId="S5" Value="1"/>
<Cov CovItemId="S6" Value="1"/>
</CovPrefix>
</CovList>
<AssgnmntList>
<AssgnmntPrefix RootTermCovItemPrefix="samochody.Kierowca.java">
<AssgnmntListEntry Length="1" RootTermCovItemId="C1">
<MapEntry BoolAssgnmnt="1" Value="1"/>
</AssgnmntListEntry>
<AssgnmntListEntry Length="1" RootTermCovItemId="C2">
<MapEntry BoolAssgnmnt="1" Value="1"/>
</AssgnmntListEntry>
</AssgnmntPrefix>
</AssgnmntList>
<ObjMetaDataList/>
<MetaDataList/>
</TestCase>
<TestCase Comment="" Date="1422701002093" Name="samochody.KierowcaTesty:testAmortyzujSamochodyJeden">
<CovList>
<CovPrefix CovItemPrefix="samochody.Kierowca.java">
<Cov CovItemId="L2-1" Value="1"/>
<Cov CovItemId="S16" Value="1"/>
<Cov CovItemId="S17" Value="1"/>
<Cov CovItemId="S18" Value="1"/>
<Cov CovItemId="S19" Value="1"/>
<Cov CovItemId="S2" Value="1"/>
<Cov CovItemId="S3" Value="1"/>
<Cov CovItemId="S4" Value="1"/>
<Cov CovItemId="S5" Value="1"/>
<Cov CovItemId="S6" Value="1"/>
</CovPrefix>
</CovList>
<AssgnmntList>
<AssgnmntPrefix RootTermCovItemPrefix="samochody.Kierowca.java">
<AssgnmntListEntry Length="1" RootTermCovItemId="C3">
<MapEntry BoolAssgnmnt="0" Value="1"/>
<MapEntry BoolAssgnmnt="1" Value="1"/>
</AssgnmntListEntry>
</AssgnmntPrefix>
</AssgnmntList>
<ObjMetaDataList/>
<MetaDataList/>
</TestCase>
<TestCase Comment="" Date="1422701002093" Name="samochody.KierowcaTesty:testAmortyzujSamochodyWiele">
<CovList>
<CovPrefix CovItemPrefix="samochody.Kierowca.java">
<Cov CovItemId="L2-2" Value="1"/>
<Cov CovItemId="S16" Value="1"/>
<Cov CovItemId="S17" Value="2"/>
<Cov CovItemId="S18" Value="2"/>
<Cov CovItemId="S19" Value="2"/>
<Cov CovItemId="S2" Value="1"/>
<Cov CovItemId="S3" Value="1"/>
<Cov CovItemId="S4" Value="1"/>
<Cov CovItemId="S5" Value="1"/>
<Cov CovItemId="S6" Value="1"/>
</CovPrefix>
</CovList>
<AssgnmntList>
<AssgnmntPrefix RootTermCovItemPrefix="samochody.Kierowca.java">
<AssgnmntListEntry Length="1" RootTermCovItemId="C3">
<MapEntry BoolAssgnmnt="0" Value="1"/>
<MapEntry BoolAssgnmnt="1" Value="2"/>
</AssgnmntListEntry>
</AssgnmntPrefix>
</AssgnmntList>
<ObjMetaDataList/>
<MetaDataList/>
</TestCase>
<TestCase Comment="" Date="1422701002093" Name="samochody.KierowcaTesty:testGetPesel">
<CovList>
<CovPrefix CovItemPrefix="samochody.Kierowca.java">
<Cov CovItemId="S2" Value="1"/>
<Cov CovItemId="S3" Value="1"/>
<Cov CovItemId="S4" Value="1"/>
<Cov CovItemId="S5" Value="1"/>
<Cov CovItemId="S6" Value="1"/>
<Cov CovItemId="S9" Value="1"/>
</CovPrefix>
</CovList>
<AssgnmntList/>
<ObjMetaDataList/>
<MetaDataList/>
</TestCase>
<TestCase Comment="" Date="1422701002093" Name="samochody.KierowcaTesty:testZnajdzSamochodWiecej">
<CovList>
<CovPrefix CovItemPrefix="samochody.Kierowca.java">
<Cov CovItemId="B1" Value="1"/>
<Cov CovItemId="B2" Value="1"/>
<Cov CovItemId="L1-2" Value="1"/>
<Cov CovItemId="S10" Value="1"/>
<Cov CovItemId="S11" Value="2"/>
<Cov CovItemId="S12" Value="2"/>
<Cov CovItemId="S13" Value="1"/>
<Cov CovItemId="S19" Value="2"/>
<Cov CovItemId="S2" Value="1"/>
<Cov CovItemId="S3" Value="1"/>
<Cov CovItemId="S4" Value="1"/>
<Cov CovItemId="S5" Value="1"/>
<Cov CovItemId="S6" Value="1"/>
</CovPrefix>
</CovList>
<AssgnmntList>
<AssgnmntPrefix RootTermCovItemPrefix="samochody.Kierowca.java">
<AssgnmntListEntry Length="1" RootTermCovItemId="C1">
<MapEntry BoolAssgnmnt="1" Value="2"/>
</AssgnmntListEntry>
<AssgnmntListEntry Length="1" RootTermCovItemId="C2">
<MapEntry BoolAssgnmnt="0" Value="1"/>
<MapEntry BoolAssgnmnt="1" Value="1"/>
</AssgnmntListEntry>
</AssgnmntPrefix>
</AssgnmntList>
<ObjMetaDataList/>
<MetaDataList/>
</TestCase>
<TestCase Comment="" Date="1422701002093" Name="samochody.KierowcaTesty:testDaneKierowcy">
<CovList>
<CovPrefix CovItemPrefix="samochody.Kierowca.java">
<Cov CovItemId="S15" Value="1"/>
<Cov CovItemId="S2" Value="1"/>
<Cov CovItemId="S3" Value="1"/>
<Cov CovItemId="S4" Value="1"/>
<Cov CovItemId="S5" Value="1"/>
<Cov CovItemId="S6" Value="1"/>
</CovPrefix>
</CovList>
<AssgnmntList/>
<ObjMetaDataList/>
<MetaDataList/>
</TestCase>
<TestCase Comment="" Date="1422701002093" Name="samochody.KierowcaTesty:testZnajdzSamochodNieZnaleziono">
<CovList>
<CovPrefix CovItemPrefix="samochody.Kierowca.java">
<Cov CovItemId="B2" Value="1"/>
<Cov CovItemId="L1-1" Value="1"/>
<Cov CovItemId="S10" Value="1"/>
<Cov CovItemId="S11" Value="1"/>
<Cov CovItemId="S12" Value="1"/>
<Cov CovItemId="S14" Value="1"/>
<Cov CovItemId="S19" Value="1"/>
<Cov CovItemId="S2" Value="1"/>
<Cov CovItemId="S3" Value="1"/>
<Cov CovItemId="S4" Value="1"/>
<Cov CovItemId="S5" Value="1"/>
<Cov CovItemId="S6" Value="1"/>
</CovPrefix>
</CovList>
<AssgnmntList>
<AssgnmntPrefix RootTermCovItemPrefix="samochody.Kierowca.java">
<AssgnmntListEntry Length="1" RootTermCovItemId="C1">
<MapEntry BoolAssgnmnt="0" Value="1"/>
<MapEntry BoolAssgnmnt="1" Value="1"/>
</AssgnmntListEntry>
<AssgnmntListEntry Length="1" RootTermCovItemId="C2">
<MapEntry BoolAssgnmnt="0" Value="1"/>
</AssgnmntListEntry>
</AssgnmntPrefix>
</AssgnmntList>
<ObjMetaDataList/>
<MetaDataList/>
</TestCase>
<TestCase Comment="" Date="1422701002108" Name="samochody.KierowcaTesty:testZnajdzSamochodZero">
<CovList>
<CovPrefix CovItemPrefix="samochody.Kierowca.java">
<Cov CovItemId="L1-0" Value="1"/>
<Cov CovItemId="S10" Value="1"/>
<Cov CovItemId="S14" Value="1"/>
<Cov CovItemId="S2" Value="1"/>
<Cov CovItemId="S3" Value="1"/>
<Cov CovItemId="S4" Value="1"/>
<Cov CovItemId="S5" Value="1"/>
<Cov CovItemId="S6" Value="1"/>
</CovPrefix>
</CovList>
<AssgnmntList>
<AssgnmntPrefix RootTermCovItemPrefix="samochody.Kierowca.java">
<AssgnmntListEntry Length="1" RootTermCovItemId="C1">
<MapEntry BoolAssgnmnt="0" Value="1"/>
</AssgnmntListEntry>
</AssgnmntPrefix>
</AssgnmntList>
<ObjMetaDataList/>
<MetaDataList/>
</TestCase>
<TestCase Comment="" Date="1422701002108" Name="samochody.KierowcaTesty:testAmortyzujSamochodyZero">
<CovList>
<CovPrefix CovItemPrefix="samochody.Kierowca.java">
<Cov CovItemId="L2-0" Value="1"/>
<Cov CovItemId="S16" Value="1"/>
<Cov CovItemId="S2" Value="1"/>
<Cov CovItemId="S3" Value="1"/>
<Cov CovItemId="S4" Value="1"/>
<Cov CovItemId="S5" Value="1"/>
<Cov CovItemId="S6" Value="1"/>
</CovPrefix>
</CovList>
<AssgnmntList>
<AssgnmntPrefix RootTermCovItemPrefix="samochody.Kierowca.java">
<AssgnmntListEntry Length="1" RootTermCovItemId="C3">
<MapEntry BoolAssgnmnt="0" Value="1"/>
</AssgnmntListEntry>
</AssgnmntPrefix>
</AssgnmntList>
<ObjMetaDataList/>
<MetaDataList/>
</TestCase>
<TestCase Comment="" Date="1422701002108" Name="samochody.SamochodTesty:testGetRejestracja">
<CovList>
<CovPrefix CovItemPrefix="samochody.Samochod.java">
<Cov CovItemId="S2" Value="1"/>
<Cov CovItemId="S3" Value="1"/>
<Cov CovItemId="S4" Value="1"/>
<Cov CovItemId="S5" Value="1"/>
<Cov CovItemId="S7" Value="1"/>
</CovPrefix>
</CovList>
<AssgnmntList/>
<ObjMetaDataList/>
<MetaDataList/>
</TestCase>
<TestCase Comment="" Date="1422701002108" Name="samochody.SamochodTesty:testAmortyzuj">
<CovList>
<CovPrefix CovItemPrefix="samochody.Samochod.java">
<Cov CovItemId="S2" Value="1"/>
<Cov CovItemId="S3" Value="1"/>
<Cov CovItemId="S4" Value="1"/>
<Cov CovItemId="S5" Value="1"/>
<Cov CovItemId="S8" Value="1"/>
<Cov CovItemId="S9" Value="1"/>
</CovPrefix>
</CovList>
<AssgnmntList/>
<ObjMetaDataList/>
<MetaDataList/>
</TestCase>
<TestCase Comment="" Date="1422701002108" Name="samochody.SamochodTesty:testGetWartosc">
<CovList>
<CovPrefix CovItemPrefix="samochody.Samochod.java">
<Cov CovItemId="S2" Value="1"/>
<Cov CovItemId="S3" Value="1"/>
<Cov CovItemId="S4" Value="1"/>
<Cov CovItemId="S5" Value="1"/>
<Cov CovItemId="S9" Value="1"/>
</CovPrefix>
</CovList>
<AssgnmntList/>
<ObjMetaDataList/>
<MetaDataList/>
</TestCase>
<MetaDataList/>
</TestSession>
</TestSessionContainer>
