<?xml version="1.0" encoding="UTF-8"?><TestSessionContainer xmlns="http://www.codecover.org/xml/testsession-container" Date="1422700200514" TestSessionContainerId="5a4acee0-3632-4df9-9e51-8dc5d08bd8ad" version="1.0">
<SrcFileList>
<SrcFile Content="package samochody;&#13;&#10;&#13;&#10;import java.io.Serializable;&#13;&#10;&#13;&#10;public class Samochod implements Serializable{&#13;&#10;&#9;private String rejestracja;&#13;&#10;&#9;private float wartosc;&#13;&#10;&#9;private float amortyzacja;&#13;&#10;&#9;&#13;&#10;&#9;public Samochod(String rejestracja, float wartosc, float amortyzacja)&#13;&#10;&#9;{&#13;&#10;&#9;&#9;this.rejestracja=rejestracja;&#13;&#10;&#9;&#9;this.wartosc=wartosc;&#13;&#10;&#9;&#9;this.amortyzacja=amortyzacja;&#13;&#10;&#9;}&#13;&#10;&#9;&#13;&#10;&#9;public String getRejestracja()&#13;&#10;&#9;{&#13;&#10;&#9;&#9;return rejestracja;&#13;&#10;&#9;}&#13;&#10;&#9;public void amortyzuj()&#13;&#10;&#9;{&#13;&#10;&#9;&#9;this.wartosc-=this.wartosc*this.amortyzacja/100.0;&#13;&#10;&#9;}&#13;&#10;&#9;public float getWartosc()&#13;&#10;&#9;{&#13;&#10;&#9;&#9;return this.wartosc;&#13;&#10;&#9;}&#13;&#10;&#9;&#13;&#10;}&#13;&#10;" Filename="Samochod.java" Intrnl_Id="1"/>
<SrcFile Content="package samochody;&#13;&#10;&#13;&#10;import java.io.Serializable;&#13;&#10;import java.util.ArrayList;&#13;&#10;import java.util.Iterator;&#13;&#10;&#13;&#10;public class Kierowca implements Serializable {&#13;&#10;&#13;&#10;&#9;private int pesel;&#13;&#10;&#9;private String imie;&#13;&#10;&#9;private String nazwisko;&#13;&#10;&#9;private String adres;&#13;&#10;&#9;public Kierowca(int pesel, String imie, String nazwisko, String adres) {&#13;&#10;&#9;&#9;this.pesel = pesel;&#13;&#10;&#9;&#9;this.imie = imie;&#13;&#10;&#9;&#9;this.nazwisko = nazwisko;&#13;&#10;&#9;&#9;this.adres = adres;&#13;&#10;&#9;&#9;this.samochody = new ArrayList&lt;Samochod&gt;();&#13;&#10;&#9;}&#13;&#10;&#9;private ArrayList&lt;Samochod&gt; samochody;&#13;&#10;&#13;&#10;&#9;public int getPesel(){return pesel;}&#13;&#10;&#9;public Samochod znajdzSamochod(String rejestracja)&#13;&#10;&#9;{&#9;&#9; &#9;&#9;   &#13;&#10;&#9;&#9;  for (Iterator&lt;Samochod&gt; it = samochody.iterator(); it.hasNext (); ) {&#13;&#10;&#9;&#9;    Samochod k = it.next();&#13;&#10;&#9;&#9;    if(k.getRejestracja()==rejestracja)&#13;&#10;&#9;&#9;    &#9;return k;&#13;&#10;&#9;&#9;  }&#13;&#10;&#9;&#9;return null;&#13;&#10;&#9;}&#13;&#10;&#9;public String getImieINazwisko()&#13;&#10;&#9;{&#13;&#10;&#9;&#9;return imie+&quot; &quot;+ nazwisko;&#13;&#10;&#9;}&#13;&#10;&#9;public void amortyzujSamochody()&#13;&#10;&#9;{&#13;&#10;&#9;&#9; for (Iterator&lt;Samochod&gt; it = samochody.iterator(); it.hasNext (); ) {&#13;&#10;&#9;&#9;&#9;    Samochod k = it.next();&#13;&#10;&#9;&#9;&#9;    k.amortyzuj();&#13;&#10;&#9;&#9; }&#13;&#10;&#9;}&#9;&#13;&#10;&#9;public void dodajSamochod(Samochod samochod)&#13;&#10;&#9;{&#13;&#10;&#9;&#9;samochody.add(samochod);&#13;&#10;&#9;}&#13;&#10;}&#13;&#10;" Filename="Kierowca.java" Intrnl_Id="2"/>
</SrcFileList>
<CritList>
<CritListEntry Name="org.codecover.model.utils.criteria.LoopCoverage" PluginName="org.codecover"/>
<CritListEntry Name="org.codecover.model.utils.criteria.BranchCoverage" PluginName="org.codecover"/>
<CritListEntry Name="org.codecover.model.utils.criteria.ConditionCoverage" PluginName="org.codecover"/>
<CritListEntry Name="org.codecover.model.utils.criteria.StatementCoverage" PluginName="org.codecover"/>
</CritList>
<BoolOpList/>
<HierarchyLvlTypeList>
<HierarchyLvlType EnglishName="package" IntrnlName="package" Intrnl_Id="3"/>
<HierarchyLvlType EnglishName="class" IntrnlName="class" Intrnl_Id="4"/>
<HierarchyLvlType EnglishName="method" IntrnlName="method" Intrnl_Id="5"/>
<HierarchyLvlType EnglishName="default package" IntrnlName="default package" Intrnl_Id="6"/>
</HierarchyLvlTypeList>
<MASTRoot>
<HierarchyLvl HierarchyLvlId="911" HierarchyLvlTypeId="6" Intrnl_Id="7" Name="default package">
<Header/>
<LocList/>
<HierarchyLvl HierarchyLvlId="910" HierarchyLvlTypeId="3" Intrnl_Id="8" Name="samochody">
<Header/>
<LocList/>
<HierarchyLvl HierarchyLvlId="902" HierarchyLvlTypeId="4" Intrnl_Id="9" Name="Samochod">
<Header>
<Loc EndOffset="99" SrcFileId="1" StartOffset="54"/>
</Header>
<LocList>
<Loc EndOffset="579" SrcFileId="1" StartOffset="54"/>
</LocList>
<HierarchyLvl HierarchyLvlId="898" HierarchyLvlTypeId="5" Intrnl_Id="10" Name="Samochod">
<Header>
<Loc EndOffset="259" SrcFileId="1" StartOffset="190"/>
</Header>
<LocList>
<Loc EndOffset="358" SrcFileId="1" StartOffset="190"/>
</LocList>
<StmntSeq Intrnl_Id="11">
<LocList>
<Loc EndOffset="296" SrcFileId="1" StartOffset="267"/>
<Loc EndOffset="321" SrcFileId="1" StartOffset="300"/>
<Loc EndOffset="354" SrcFileId="1" StartOffset="325"/>
</LocList>
<BasicStmnt CovItemId="S1" CovItemPrefix="samochody.Samochod.java" Intrnl_Id="12">
<LocList>
<Loc EndOffset="296" SrcFileId="1" StartOffset="267"/>
</LocList>
</BasicStmnt>
<BasicStmnt CovItemId="S2" CovItemPrefix="samochody.Samochod.java" Intrnl_Id="13">
<LocList>
<Loc EndOffset="321" SrcFileId="1" StartOffset="300"/>
</LocList>
</BasicStmnt>
<BasicStmnt CovItemId="S3" CovItemPrefix="samochody.Samochod.java" Intrnl_Id="14">
<LocList>
<Loc EndOffset="354" SrcFileId="1" StartOffset="325"/>
</LocList>
</BasicStmnt>
</StmntSeq>
</HierarchyLvl>
<HierarchyLvl HierarchyLvlId="899" HierarchyLvlTypeId="5" Intrnl_Id="15" Name="getRejestracja">
<Header>
<Loc EndOffset="394" SrcFileId="1" StartOffset="364"/>
</Header>
<LocList>
<Loc EndOffset="425" SrcFileId="1" StartOffset="364"/>
</LocList>
<StmntSeq Intrnl_Id="16">
<LocList>
<Loc EndOffset="421" SrcFileId="1" StartOffset="402"/>
</LocList>
<BasicStmnt CovItemId="S4" CovItemPrefix="samochody.Samochod.java" Intrnl_Id="17">
<LocList>
<Loc EndOffset="421" SrcFileId="1" StartOffset="402"/>
</LocList>
</BasicStmnt>
</StmntSeq>
</HierarchyLvl>
<HierarchyLvl HierarchyLvlId="900" HierarchyLvlTypeId="5" Intrnl_Id="18" Name="amortyzuj">
<Header>
<Loc EndOffset="451" SrcFileId="1" StartOffset="428"/>
</Header>
<LocList>
<Loc EndOffset="513" SrcFileId="1" StartOffset="428"/>
</LocList>
<StmntSeq Intrnl_Id="19">
<LocList>
<Loc EndOffset="509" SrcFileId="1" StartOffset="459"/>
</LocList>
<BasicStmnt CovItemId="S5" CovItemPrefix="samochody.Samochod.java" Intrnl_Id="20">
<LocList>
<Loc EndOffset="509" SrcFileId="1" StartOffset="459"/>
</LocList>
</BasicStmnt>
</StmntSeq>
</HierarchyLvl>
<HierarchyLvl HierarchyLvlId="901" HierarchyLvlTypeId="5" Intrnl_Id="21" Name="getWartosc">
<Header>
<Loc EndOffset="541" SrcFileId="1" StartOffset="516"/>
</Header>
<LocList>
<Loc EndOffset="573" SrcFileId="1" StartOffset="516"/>
</LocList>
<StmntSeq Intrnl_Id="22">
<LocList>
<Loc EndOffset="569" SrcFileId="1" StartOffset="549"/>
</LocList>
<BasicStmnt CovItemId="S6" CovItemPrefix="samochody.Samochod.java" Intrnl_Id="23">
<LocList>
<Loc EndOffset="569" SrcFileId="1" StartOffset="549"/>
</LocList>
</BasicStmnt>
</StmntSeq>
</HierarchyLvl>
</HierarchyLvl>
<HierarchyLvl HierarchyLvlId="909" HierarchyLvlTypeId="4" Intrnl_Id="24" Name="Kierowca">
<Header>
<Loc EndOffset="156" SrcFileId="2" StartOffset="111"/>
</Header>
<LocList>
<Loc EndOffset="1156" SrcFileId="2" StartOffset="111"/>
</LocList>
<HierarchyLvl HierarchyLvlId="903" HierarchyLvlTypeId="5" Intrnl_Id="25" Name="Kierowca">
<Header>
<Loc EndOffset="328" SrcFileId="2" StartOffset="258"/>
</Header>
<LocList>
<Loc EndOffset="477" SrcFileId="2" StartOffset="258"/>
</LocList>
<StmntSeq Intrnl_Id="26">
<LocList>
<Loc EndOffset="353" SrcFileId="2" StartOffset="334"/>
<Loc EndOffset="374" SrcFileId="2" StartOffset="357"/>
<Loc EndOffset="403" SrcFileId="2" StartOffset="378"/>
<Loc EndOffset="426" SrcFileId="2" StartOffset="407"/>
<Loc EndOffset="473" SrcFileId="2" StartOffset="430"/>
</LocList>
<BasicStmnt CovItemId="S1" CovItemPrefix="samochody.Kierowca.java" Intrnl_Id="27">
<LocList>
<Loc EndOffset="353" SrcFileId="2" StartOffset="334"/>
</LocList>
</BasicStmnt>
<BasicStmnt CovItemId="S2" CovItemPrefix="samochody.Kierowca.java" Intrnl_Id="28">
<LocList>
<Loc EndOffset="374" SrcFileId="2" StartOffset="357"/>
</LocList>
</BasicStmnt>
<BasicStmnt CovItemId="S3" CovItemPrefix="samochody.Kierowca.java" Intrnl_Id="29">
<LocList>
<Loc EndOffset="403" SrcFileId="2" StartOffset="378"/>
</LocList>
</BasicStmnt>
<BasicStmnt CovItemId="S4" CovItemPrefix="samochody.Kierowca.java" Intrnl_Id="30">
<LocList>
<Loc EndOffset="426" SrcFileId="2" StartOffset="407"/>
</LocList>
</BasicStmnt>
<BasicStmnt CovItemId="S5" CovItemPrefix="samochody.Kierowca.java" Intrnl_Id="31">
<LocList>
<Loc EndOffset="473" SrcFileId="2" StartOffset="430"/>
</LocList>
</BasicStmnt>
</StmntSeq>
</HierarchyLvl>
<HierarchyLvl HierarchyLvlId="904" HierarchyLvlTypeId="5" Intrnl_Id="32" Name="getPesel">
<Header>
<Loc EndOffset="544" SrcFileId="2" StartOffset="523"/>
</Header>
<LocList>
<Loc EndOffset="559" SrcFileId="2" StartOffset="523"/>
</LocList>
<StmntSeq Intrnl_Id="33">
<LocList>
<Loc EndOffset="558" SrcFileId="2" StartOffset="545"/>
</LocList>
<BasicStmnt CovItemId="S6" CovItemPrefix="samochody.Kierowca.java" Intrnl_Id="34">
<LocList>
<Loc EndOffset="558" SrcFileId="2" StartOffset="545"/>
</LocList>
</BasicStmnt>
</StmntSeq>
</HierarchyLvl>
<HierarchyLvl HierarchyLvlId="905" HierarchyLvlTypeId="5" Intrnl_Id="35" Name="znajdzSamochod">
<Header>
<Loc EndOffset="612" SrcFileId="2" StartOffset="562"/>
</Header>
<LocList>
<Loc EndOffset="818" SrcFileId="2" StartOffset="562"/>
</LocList>
<StmntSeq Intrnl_Id="36">
<LocList>
<Loc EndOffset="798" SrcFileId="2" StartOffset="630"/>
<Loc EndOffset="814" SrcFileId="2" StartOffset="802"/>
</LocList>
<LoopStmnt CovItemId="S7" CovItemPrefix="samochody.Kierowca.java" Intrnl_Id="37" MltplExecId="L1-2" MltplExecPrefix="samochody.Kierowca.java" NvrExecId="L1-0" NvrExecPrefix="samochody.Kierowca.java" OnceExecutedId="L1-1" OnceExecutedPrefix="samochody.Kierowca.java" OptBodyExec="true">
<StmntSeq Intrnl_Id="38">
<LocList>
<Loc EndOffset="730" SrcFileId="2" StartOffset="707"/>
<Loc EndOffset="791" SrcFileId="2" StartOffset="738"/>
</LocList>
<BasicStmnt CovItemId="S8" CovItemPrefix="samochody.Kierowca.java" Intrnl_Id="39">
<LocList>
<Loc EndOffset="730" SrcFileId="2" StartOffset="707"/>
</LocList>
</BasicStmnt>
<CondStmnt CovItemId="S9" CovItemPrefix="samochody.Kierowca.java" Intrnl_Id="40">
<Branch CovItemId="B1" CovItemPrefix="samochody.Kierowca.java" Implct="false" Intrnl_Id="41">
<Cond/>
<LocList>
<Loc EndOffset="791" SrcFileId="2" StartOffset="782"/>
</LocList>
<StmntSeq Intrnl_Id="42">
<LocList>
<Loc EndOffset="791" SrcFileId="2" StartOffset="782"/>
</LocList>
<BasicStmnt CovItemId="S10" CovItemPrefix="samochody.Kierowca.java" Intrnl_Id="43">
<LocList>
<Loc EndOffset="791" SrcFileId="2" StartOffset="782"/>
</LocList>
</BasicStmnt>
</StmntSeq>
</Branch>
<Branch CovItemId="B2" CovItemPrefix="samochody.Kierowca.java" Implct="true" Intrnl_Id="44">
<Cond/>
<LocList/>
<StmntSeq Intrnl_Id="45">
<LocList/>
</StmntSeq>
</Branch>
<Keyword EndOffset="740" SrcFileId="2" StartOffset="738"/>
<LocList>
<Loc EndOffset="791" SrcFileId="2" StartOffset="738"/>
</LocList>
<RootTerm CovItemId="C2" CovItemPrefix="samochody.Kierowca.java" Intrnl_Id="46">
<BasicBoolTerm Intrnl_Id="47">
<LocList>
<Loc EndOffset="772" SrcFileId="2" StartOffset="741"/>
</LocList>
</BasicBoolTerm>
</RootTerm>
</CondStmnt>
</StmntSeq>
<Keyword EndOffset="633" SrcFileId="2" StartOffset="630"/>
<LocList>
<Loc EndOffset="798" SrcFileId="2" StartOffset="630"/>
</LocList>
<RootTerm CovItemId="C1" CovItemPrefix="samochody.Kierowca.java" Intrnl_Id="48">
<BasicBoolTerm Intrnl_Id="49">
<LocList>
<Loc EndOffset="694" SrcFileId="2" StartOffset="681"/>
</LocList>
</BasicBoolTerm>
</RootTerm>
</LoopStmnt>
<BasicStmnt CovItemId="S11" CovItemPrefix="samochody.Kierowca.java" Intrnl_Id="50">
<LocList>
<Loc EndOffset="814" SrcFileId="2" StartOffset="802"/>
</LocList>
</BasicStmnt>
</StmntSeq>
</HierarchyLvl>
<HierarchyLvl HierarchyLvlId="906" HierarchyLvlTypeId="5" Intrnl_Id="51" Name="getImieINazwisko">
<Header>
<Loc EndOffset="853" SrcFileId="2" StartOffset="821"/>
</Header>
<LocList>
<Loc EndOffset="891" SrcFileId="2" StartOffset="821"/>
</LocList>
<StmntSeq Intrnl_Id="52">
<LocList>
<Loc EndOffset="887" SrcFileId="2" StartOffset="861"/>
</LocList>
<BasicStmnt CovItemId="S12" CovItemPrefix="samochody.Kierowca.java" Intrnl_Id="53">
<LocList>
<Loc EndOffset="887" SrcFileId="2" StartOffset="861"/>
</LocList>
</BasicStmnt>
</StmntSeq>
</HierarchyLvl>
<HierarchyLvl HierarchyLvlId="907" HierarchyLvlTypeId="5" Intrnl_Id="54" Name="amortyzujSamochody">
<Header>
<Loc EndOffset="926" SrcFileId="2" StartOffset="894"/>
</Header>
<LocList>
<Loc EndOffset="1069" SrcFileId="2" StartOffset="894"/>
</LocList>
<StmntSeq Intrnl_Id="55">
<LocList>
<Loc EndOffset="1065" SrcFileId="2" StartOffset="935"/>
</LocList>
<LoopStmnt CovItemId="S13" CovItemPrefix="samochody.Kierowca.java" Intrnl_Id="56" MltplExecId="L2-2" MltplExecPrefix="samochody.Kierowca.java" NvrExecId="L2-0" NvrExecPrefix="samochody.Kierowca.java" OnceExecutedId="L2-1" OnceExecutedPrefix="samochody.Kierowca.java" OptBodyExec="true">
<StmntSeq Intrnl_Id="57">
<LocList>
<Loc EndOffset="1036" SrcFileId="2" StartOffset="1013"/>
<Loc EndOffset="1059" SrcFileId="2" StartOffset="1045"/>
</LocList>
<BasicStmnt CovItemId="S14" CovItemPrefix="samochody.Kierowca.java" Intrnl_Id="58">
<LocList>
<Loc EndOffset="1036" SrcFileId="2" StartOffset="1013"/>
</LocList>
</BasicStmnt>
<BasicStmnt CovItemId="S15" CovItemPrefix="samochody.Kierowca.java" Intrnl_Id="59">
<LocList>
<Loc EndOffset="1059" SrcFileId="2" StartOffset="1045"/>
</LocList>
</BasicStmnt>
</StmntSeq>
<Keyword EndOffset="938" SrcFileId="2" StartOffset="935"/>
<LocList>
<Loc EndOffset="1065" SrcFileId="2" StartOffset="935"/>
</LocList>
<RootTerm CovItemId="C3" CovItemPrefix="samochody.Kierowca.java" Intrnl_Id="60">
<BasicBoolTerm Intrnl_Id="61">
<LocList>
<Loc EndOffset="999" SrcFileId="2" StartOffset="986"/>
</LocList>
</BasicBoolTerm>
</RootTerm>
</LoopStmnt>
</StmntSeq>
</HierarchyLvl>
<HierarchyLvl HierarchyLvlId="908" HierarchyLvlTypeId="5" Intrnl_Id="62" Name="dodajSamochod">
<Header>
<Loc EndOffset="1117" SrcFileId="2" StartOffset="1073"/>
</Header>
<LocList>
<Loc EndOffset="1153" SrcFileId="2" StartOffset="1073"/>
</LocList>
<StmntSeq Intrnl_Id="63">
<LocList>
<Loc EndOffset="1149" SrcFileId="2" StartOffset="1125"/>
</LocList>
<BasicStmnt CovItemId="S16" CovItemPrefix="samochody.Kierowca.java" Intrnl_Id="64">
<LocList>
<Loc EndOffset="1149" SrcFileId="2" StartOffset="1125"/>
</LocList>
</BasicStmnt>
</StmntSeq>
</HierarchyLvl>
</HierarchyLvl>
</HierarchyLvl>
</HierarchyLvl>
</MASTRoot>
</TestSessionContainer>
