<?xml version="1.0" encoding="UTF-8"?><TestSessionContainer xmlns="http://www.codecover.org/xml/testsession-container" Date="1422700887667" TestSessionContainerId="66e2e488-1b6d-4183-85e0-88f02afbcf25" version="1.0">
<SrcFileList>
<SrcFile Content="package samochody;&#13;&#10;&#13;&#10;import java.io.Serializable;&#13;&#10;&#13;&#10;public class Samochod implements Serializable{&#13;&#10;&#9;private String rejestracja;&#13;&#10;&#9;private float wartosc;&#13;&#10;&#9;private float amortyzacja;&#13;&#10;&#9;private String marka;&#13;&#10;&#9;&#13;&#10;&#9;public Samochod(String rejestracja, float wartosc, float amortyzacja, String marka)&#13;&#10;&#9;{&#13;&#10;&#9;&#9;this.rejestracja=rejestracja;&#13;&#10;&#9;&#9;this.wartosc=wartosc;&#13;&#10;&#9;&#9;this.amortyzacja=amortyzacja;&#13;&#10;&#9;&#9;this.marka = marka;&#13;&#10;&#9;}&#13;&#10;&#9;&#13;&#10;&#9;public String getRejestracja()&#13;&#10;&#9;{&#13;&#10;&#9;&#9;return rejestracja;&#13;&#10;&#9;}&#13;&#10;&#9;public void amortyzuj()&#13;&#10;&#9;{&#13;&#10;&#9;&#9;this.wartosc-=this.wartosc*this.amortyzacja/100.0;&#13;&#10;&#9;}&#13;&#10;&#9;public float getWartosc()&#13;&#10;&#9;{&#13;&#10;&#9;&#9;return this.wartosc;&#13;&#10;&#9;}&#13;&#10;&#9;&#13;&#10;}&#13;&#10;" Filename="Samochod.java" Intrnl_Id="1"/>
<SrcFile Content="package samochody;&#13;&#10;&#13;&#10;import java.io.Serializable;&#13;&#10;import java.util.ArrayList;&#13;&#10;import java.util.Iterator;&#13;&#10;&#13;&#10;public class Kierowca implements Serializable {&#13;&#10;&#13;&#10;&#9;private static final long serialVersionUID = 1L;&#13;&#10;&#9;private int pesel;&#13;&#10;&#9;private String imie;&#13;&#10;&#9;private String nazwisko;&#13;&#10;&#9;private String adres;&#13;&#10;&#9;private ArrayList&lt;Samochod&gt; samochody;&#13;&#10;&#9;&#13;&#10;&#9;public Kierowca(int pesel, String imie, String nazwisko, String adres) {&#13;&#10;&#9;&#9;this.pesel = pesel;&#13;&#10;&#9;&#9;this.imie = imie;&#13;&#10;&#9;&#9;this.nazwisko = nazwisko;&#13;&#10;&#9;&#9;this.adres = adres;&#13;&#10;&#9;&#9;this.samochody = new ArrayList&lt;Samochod&gt;();&#13;&#10;&#9;}&#13;&#10;&#13;&#10;&#9;public String getAdres() {return adres;}&#13;&#10;&#9;public void setAdres(String adres) {this.adres = adres;}&#13;&#10;&#9;public int getPesel(){return pesel;}&#13;&#10;&#9;public Samochod znajdzSamochod(String rejestracja)&#13;&#10;&#9;{&#9;&#9; &#9;&#9;   &#13;&#10;&#9;&#9;  for (Iterator&lt;Samochod&gt; it = samochody.iterator(); it.hasNext (); ) {&#13;&#10;&#9;&#9;    Samochod k = it.next();&#13;&#10;&#9;&#9;    if(k.getRejestracja()==rejestracja)&#13;&#10;&#9;&#9;    &#9;return k;&#13;&#10;&#9;&#9;  }&#13;&#10;&#9;&#9;return null;&#13;&#10;&#9;}&#13;&#10;&#9;public String getImieINazwisko()&#13;&#10;&#9;{&#13;&#10;&#9;&#9;return imie+&quot; &quot;+ nazwisko;&#13;&#10;&#9;}&#13;&#10;&#9;public void amortyzujSamochody()&#13;&#10;&#9;{&#13;&#10;&#9;&#9; for (Iterator&lt;Samochod&gt; it = samochody.iterator(); it.hasNext (); ) {&#13;&#10;&#9;&#9;&#9;    Samochod k = it.next();&#13;&#10;&#9;&#9;&#9;    k.amortyzuj();&#13;&#10;&#9;&#9; }&#13;&#10;&#9;}&#9;&#13;&#10;&#9;public void dodajSamochod(Samochod samochod)&#13;&#10;&#9;{&#13;&#10;&#9;&#9;samochody.add(samochod);&#13;&#10;&#9;}&#13;&#10;}&#13;&#10;" Filename="Kierowca.java" Intrnl_Id="2"/>
</SrcFileList>
<CritList>
<CritListEntry Name="org.codecover.model.utils.criteria.LoopCoverage" PluginName="org.codecover"/>
<CritListEntry Name="org.codecover.model.utils.criteria.BranchCoverage" PluginName="org.codecover"/>
<CritListEntry Name="org.codecover.model.utils.criteria.ConditionCoverage" PluginName="org.codecover"/>
<CritListEntry Name="org.codecover.model.utils.criteria.StatementCoverage" PluginName="org.codecover"/>
</CritList>
<BoolOpList/>
<HierarchyLvlTypeList>
<HierarchyLvlType EnglishName="package" IntrnlName="package" Intrnl_Id="3"/>
<HierarchyLvlType EnglishName="class" IntrnlName="class" Intrnl_Id="4"/>
<HierarchyLvlType EnglishName="method" IntrnlName="method" Intrnl_Id="5"/>
<HierarchyLvlType EnglishName="default package" IntrnlName="default package" Intrnl_Id="6"/>
</HierarchyLvlTypeList>
<MASTRoot>
<HierarchyLvl HierarchyLvlId="1193" HierarchyLvlTypeId="6" Intrnl_Id="7" Name="default package">
<Header/>
<LocList/>
<HierarchyLvl HierarchyLvlId="1192" HierarchyLvlTypeId="3" Intrnl_Id="8" Name="samochody">
<Header/>
<LocList/>
<HierarchyLvl HierarchyLvlId="1182" HierarchyLvlTypeId="4" Intrnl_Id="9" Name="Samochod">
<Header>
<Loc EndOffset="99" SrcFileId="1" StartOffset="54"/>
</Header>
<LocList>
<Loc EndOffset="640" SrcFileId="1" StartOffset="54"/>
</LocList>
<HierarchyLvl HierarchyLvlId="1178" HierarchyLvlTypeId="5" Intrnl_Id="10" Name="Samochod">
<Header>
<Loc EndOffset="297" SrcFileId="1" StartOffset="214"/>
</Header>
<LocList>
<Loc EndOffset="419" SrcFileId="1" StartOffset="214"/>
</LocList>
<StmntSeq Intrnl_Id="11">
<LocList>
<Loc EndOffset="334" SrcFileId="1" StartOffset="305"/>
<Loc EndOffset="359" SrcFileId="1" StartOffset="338"/>
<Loc EndOffset="392" SrcFileId="1" StartOffset="363"/>
<Loc EndOffset="415" SrcFileId="1" StartOffset="396"/>
</LocList>
<BasicStmnt CovItemId="S1" CovItemPrefix="samochody.Samochod.java" Intrnl_Id="12">
<LocList>
<Loc EndOffset="334" SrcFileId="1" StartOffset="305"/>
</LocList>
</BasicStmnt>
<BasicStmnt CovItemId="S2" CovItemPrefix="samochody.Samochod.java" Intrnl_Id="13">
<LocList>
<Loc EndOffset="359" SrcFileId="1" StartOffset="338"/>
</LocList>
</BasicStmnt>
<BasicStmnt CovItemId="S3" CovItemPrefix="samochody.Samochod.java" Intrnl_Id="14">
<LocList>
<Loc EndOffset="392" SrcFileId="1" StartOffset="363"/>
</LocList>
</BasicStmnt>
<BasicStmnt CovItemId="S4" CovItemPrefix="samochody.Samochod.java" Intrnl_Id="15">
<LocList>
<Loc EndOffset="415" SrcFileId="1" StartOffset="396"/>
</LocList>
</BasicStmnt>
</StmntSeq>
</HierarchyLvl>
<HierarchyLvl HierarchyLvlId="1179" HierarchyLvlTypeId="5" Intrnl_Id="16" Name="getRejestracja">
<Header>
<Loc EndOffset="455" SrcFileId="1" StartOffset="425"/>
</Header>
<LocList>
<Loc EndOffset="486" SrcFileId="1" StartOffset="425"/>
</LocList>
<StmntSeq Intrnl_Id="17">
<LocList>
<Loc EndOffset="482" SrcFileId="1" StartOffset="463"/>
</LocList>
<BasicStmnt CovItemId="S5" CovItemPrefix="samochody.Samochod.java" Intrnl_Id="18">
<LocList>
<Loc EndOffset="482" SrcFileId="1" StartOffset="463"/>
</LocList>
</BasicStmnt>
</StmntSeq>
</HierarchyLvl>
<HierarchyLvl HierarchyLvlId="1180" HierarchyLvlTypeId="5" Intrnl_Id="19" Name="amortyzuj">
<Header>
<Loc EndOffset="512" SrcFileId="1" StartOffset="489"/>
</Header>
<LocList>
<Loc EndOffset="574" SrcFileId="1" StartOffset="489"/>
</LocList>
<StmntSeq Intrnl_Id="20">
<LocList>
<Loc EndOffset="570" SrcFileId="1" StartOffset="520"/>
</LocList>
<BasicStmnt CovItemId="S6" CovItemPrefix="samochody.Samochod.java" Intrnl_Id="21">
<LocList>
<Loc EndOffset="570" SrcFileId="1" StartOffset="520"/>
</LocList>
</BasicStmnt>
</StmntSeq>
</HierarchyLvl>
<HierarchyLvl HierarchyLvlId="1181" HierarchyLvlTypeId="5" Intrnl_Id="22" Name="getWartosc">
<Header>
<Loc EndOffset="602" SrcFileId="1" StartOffset="577"/>
</Header>
<LocList>
<Loc EndOffset="634" SrcFileId="1" StartOffset="577"/>
</LocList>
<StmntSeq Intrnl_Id="23">
<LocList>
<Loc EndOffset="630" SrcFileId="1" StartOffset="610"/>
</LocList>
<BasicStmnt CovItemId="S7" CovItemPrefix="samochody.Samochod.java" Intrnl_Id="24">
<LocList>
<Loc EndOffset="630" SrcFileId="1" StartOffset="610"/>
</LocList>
</BasicStmnt>
</StmntSeq>
</HierarchyLvl>
</HierarchyLvl>
<HierarchyLvl HierarchyLvlId="1191" HierarchyLvlTypeId="4" Intrnl_Id="25" Name="Kierowca">
<Header>
<Loc EndOffset="156" SrcFileId="2" StartOffset="111"/>
</Header>
<LocList>
<Loc EndOffset="1312" SrcFileId="2" StartOffset="111"/>
</LocList>
<StmntSeq Intrnl_Id="26">
<LocList>
<Loc EndOffset="211" SrcFileId="2" StartOffset="163"/>
</LocList>
<BasicStmnt CovItemId="S1" CovItemPrefix="samochody.Kierowca.java" Intrnl_Id="27">
<LocList>
<Loc EndOffset="211" SrcFileId="2" StartOffset="163"/>
</LocList>
</BasicStmnt>
</StmntSeq>
<HierarchyLvl HierarchyLvlId="1183" HierarchyLvlTypeId="5" Intrnl_Id="28" Name="Kierowca">
<Header>
<Loc EndOffset="423" SrcFileId="2" StartOffset="353"/>
</Header>
<LocList>
<Loc EndOffset="572" SrcFileId="2" StartOffset="353"/>
</LocList>
<StmntSeq Intrnl_Id="29">
<LocList>
<Loc EndOffset="448" SrcFileId="2" StartOffset="429"/>
<Loc EndOffset="469" SrcFileId="2" StartOffset="452"/>
<Loc EndOffset="498" SrcFileId="2" StartOffset="473"/>
<Loc EndOffset="521" SrcFileId="2" StartOffset="502"/>
<Loc EndOffset="568" SrcFileId="2" StartOffset="525"/>
</LocList>
<BasicStmnt CovItemId="S2" CovItemPrefix="samochody.Kierowca.java" Intrnl_Id="30">
<LocList>
<Loc EndOffset="448" SrcFileId="2" StartOffset="429"/>
</LocList>
</BasicStmnt>
<BasicStmnt CovItemId="S3" CovItemPrefix="samochody.Kierowca.java" Intrnl_Id="31">
<LocList>
<Loc EndOffset="469" SrcFileId="2" StartOffset="452"/>
</LocList>
</BasicStmnt>
<BasicStmnt CovItemId="S4" CovItemPrefix="samochody.Kierowca.java" Intrnl_Id="32">
<LocList>
<Loc EndOffset="498" SrcFileId="2" StartOffset="473"/>
</LocList>
</BasicStmnt>
<BasicStmnt CovItemId="S5" CovItemPrefix="samochody.Kierowca.java" Intrnl_Id="33">
<LocList>
<Loc EndOffset="521" SrcFileId="2" StartOffset="502"/>
</LocList>
</BasicStmnt>
<BasicStmnt CovItemId="S6" CovItemPrefix="samochody.Kierowca.java" Intrnl_Id="34">
<LocList>
<Loc EndOffset="568" SrcFileId="2" StartOffset="525"/>
</LocList>
</BasicStmnt>
</StmntSeq>
</HierarchyLvl>
<HierarchyLvl HierarchyLvlId="1184" HierarchyLvlTypeId="5" Intrnl_Id="35" Name="getAdres">
<Header>
<Loc EndOffset="601" SrcFileId="2" StartOffset="577"/>
</Header>
<LocList>
<Loc EndOffset="617" SrcFileId="2" StartOffset="577"/>
</LocList>
<StmntSeq Intrnl_Id="36">
<LocList>
<Loc EndOffset="616" SrcFileId="2" StartOffset="603"/>
</LocList>
<BasicStmnt CovItemId="S7" CovItemPrefix="samochody.Kierowca.java" Intrnl_Id="37">
<LocList>
<Loc EndOffset="616" SrcFileId="2" StartOffset="603"/>
</LocList>
</BasicStmnt>
</StmntSeq>
</HierarchyLvl>
<HierarchyLvl HierarchyLvlId="1185" HierarchyLvlTypeId="5" Intrnl_Id="38" Name="setAdres">
<Header>
<Loc EndOffset="654" SrcFileId="2" StartOffset="620"/>
</Header>
<LocList>
<Loc EndOffset="676" SrcFileId="2" StartOffset="620"/>
</LocList>
<StmntSeq Intrnl_Id="39">
<LocList>
<Loc EndOffset="675" SrcFileId="2" StartOffset="656"/>
</LocList>
<BasicStmnt CovItemId="S8" CovItemPrefix="samochody.Kierowca.java" Intrnl_Id="40">
<LocList>
<Loc EndOffset="675" SrcFileId="2" StartOffset="656"/>
</LocList>
</BasicStmnt>
</StmntSeq>
</HierarchyLvl>
<HierarchyLvl HierarchyLvlId="1186" HierarchyLvlTypeId="5" Intrnl_Id="41" Name="getPesel">
<Header>
<Loc EndOffset="700" SrcFileId="2" StartOffset="679"/>
</Header>
<LocList>
<Loc EndOffset="715" SrcFileId="2" StartOffset="679"/>
</LocList>
<StmntSeq Intrnl_Id="42">
<LocList>
<Loc EndOffset="714" SrcFileId="2" StartOffset="701"/>
</LocList>
<BasicStmnt CovItemId="S9" CovItemPrefix="samochody.Kierowca.java" Intrnl_Id="43">
<LocList>
<Loc EndOffset="714" SrcFileId="2" StartOffset="701"/>
</LocList>
</BasicStmnt>
</StmntSeq>
</HierarchyLvl>
<HierarchyLvl HierarchyLvlId="1187" HierarchyLvlTypeId="5" Intrnl_Id="44" Name="znajdzSamochod">
<Header>
<Loc EndOffset="768" SrcFileId="2" StartOffset="718"/>
</Header>
<LocList>
<Loc EndOffset="974" SrcFileId="2" StartOffset="718"/>
</LocList>
<StmntSeq Intrnl_Id="45">
<LocList>
<Loc EndOffset="954" SrcFileId="2" StartOffset="786"/>
<Loc EndOffset="970" SrcFileId="2" StartOffset="958"/>
</LocList>
<LoopStmnt CovItemId="S10" CovItemPrefix="samochody.Kierowca.java" Intrnl_Id="46" MltplExecId="L1-2" MltplExecPrefix="samochody.Kierowca.java" NvrExecId="L1-0" NvrExecPrefix="samochody.Kierowca.java" OnceExecutedId="L1-1" OnceExecutedPrefix="samochody.Kierowca.java" OptBodyExec="true">
<StmntSeq Intrnl_Id="47">
<LocList>
<Loc EndOffset="886" SrcFileId="2" StartOffset="863"/>
<Loc EndOffset="947" SrcFileId="2" StartOffset="894"/>
</LocList>
<BasicStmnt CovItemId="S11" CovItemPrefix="samochody.Kierowca.java" Intrnl_Id="48">
<LocList>
<Loc EndOffset="886" SrcFileId="2" StartOffset="863"/>
</LocList>
</BasicStmnt>
<CondStmnt CovItemId="S12" CovItemPrefix="samochody.Kierowca.java" Intrnl_Id="49">
<Branch CovItemId="B1" CovItemPrefix="samochody.Kierowca.java" Implct="false" Intrnl_Id="50">
<Cond/>
<LocList>
<Loc EndOffset="947" SrcFileId="2" StartOffset="938"/>
</LocList>
<StmntSeq Intrnl_Id="51">
<LocList>
<Loc EndOffset="947" SrcFileId="2" StartOffset="938"/>
</LocList>
<BasicStmnt CovItemId="S13" CovItemPrefix="samochody.Kierowca.java" Intrnl_Id="52">
<LocList>
<Loc EndOffset="947" SrcFileId="2" StartOffset="938"/>
</LocList>
</BasicStmnt>
</StmntSeq>
</Branch>
<Branch CovItemId="B2" CovItemPrefix="samochody.Kierowca.java" Implct="true" Intrnl_Id="53">
<Cond/>
<LocList/>
<StmntSeq Intrnl_Id="54">
<LocList/>
</StmntSeq>
</Branch>
<Keyword EndOffset="896" SrcFileId="2" StartOffset="894"/>
<LocList>
<Loc EndOffset="947" SrcFileId="2" StartOffset="894"/>
</LocList>
<RootTerm CovItemId="C2" CovItemPrefix="samochody.Kierowca.java" Intrnl_Id="55">
<BasicBoolTerm Intrnl_Id="56">
<LocList>
<Loc EndOffset="928" SrcFileId="2" StartOffset="897"/>
</LocList>
</BasicBoolTerm>
</RootTerm>
</CondStmnt>
</StmntSeq>
<Keyword EndOffset="789" SrcFileId="2" StartOffset="786"/>
<LocList>
<Loc EndOffset="954" SrcFileId="2" StartOffset="786"/>
</LocList>
<RootTerm CovItemId="C1" CovItemPrefix="samochody.Kierowca.java" Intrnl_Id="57">
<BasicBoolTerm Intrnl_Id="58">
<LocList>
<Loc EndOffset="850" SrcFileId="2" StartOffset="837"/>
</LocList>
</BasicBoolTerm>
</RootTerm>
</LoopStmnt>
<BasicStmnt CovItemId="S14" CovItemPrefix="samochody.Kierowca.java" Intrnl_Id="59">
<LocList>
<Loc EndOffset="970" SrcFileId="2" StartOffset="958"/>
</LocList>
</BasicStmnt>
</StmntSeq>
</HierarchyLvl>
<HierarchyLvl HierarchyLvlId="1188" HierarchyLvlTypeId="5" Intrnl_Id="60" Name="getImieINazwisko">
<Header>
<Loc EndOffset="1009" SrcFileId="2" StartOffset="977"/>
</Header>
<LocList>
<Loc EndOffset="1047" SrcFileId="2" StartOffset="977"/>
</LocList>
<StmntSeq Intrnl_Id="61">
<LocList>
<Loc EndOffset="1043" SrcFileId="2" StartOffset="1017"/>
</LocList>
<BasicStmnt CovItemId="S15" CovItemPrefix="samochody.Kierowca.java" Intrnl_Id="62">
<LocList>
<Loc EndOffset="1043" SrcFileId="2" StartOffset="1017"/>
</LocList>
</BasicStmnt>
</StmntSeq>
</HierarchyLvl>
<HierarchyLvl HierarchyLvlId="1189" HierarchyLvlTypeId="5" Intrnl_Id="63" Name="amortyzujSamochody">
<Header>
<Loc EndOffset="1082" SrcFileId="2" StartOffset="1050"/>
</Header>
<LocList>
<Loc EndOffset="1225" SrcFileId="2" StartOffset="1050"/>
</LocList>
<StmntSeq Intrnl_Id="64">
<LocList>
<Loc EndOffset="1221" SrcFileId="2" StartOffset="1091"/>
</LocList>
<LoopStmnt CovItemId="S16" CovItemPrefix="samochody.Kierowca.java" Intrnl_Id="65" MltplExecId="L2-2" MltplExecPrefix="samochody.Kierowca.java" NvrExecId="L2-0" NvrExecPrefix="samochody.Kierowca.java" OnceExecutedId="L2-1" OnceExecutedPrefix="samochody.Kierowca.java" OptBodyExec="true">
<StmntSeq Intrnl_Id="66">
<LocList>
<Loc EndOffset="1192" SrcFileId="2" StartOffset="1169"/>
<Loc EndOffset="1215" SrcFileId="2" StartOffset="1201"/>
</LocList>
<BasicStmnt CovItemId="S17" CovItemPrefix="samochody.Kierowca.java" Intrnl_Id="67">
<LocList>
<Loc EndOffset="1192" SrcFileId="2" StartOffset="1169"/>
</LocList>
</BasicStmnt>
<BasicStmnt CovItemId="S18" CovItemPrefix="samochody.Kierowca.java" Intrnl_Id="68">
<LocList>
<Loc EndOffset="1215" SrcFileId="2" StartOffset="1201"/>
</LocList>
</BasicStmnt>
</StmntSeq>
<Keyword EndOffset="1094" SrcFileId="2" StartOffset="1091"/>
<LocList>
<Loc EndOffset="1221" SrcFileId="2" StartOffset="1091"/>
</LocList>
<RootTerm CovItemId="C3" CovItemPrefix="samochody.Kierowca.java" Intrnl_Id="69">
<BasicBoolTerm Intrnl_Id="70">
<LocList>
<Loc EndOffset="1155" SrcFileId="2" StartOffset="1142"/>
</LocList>
</BasicBoolTerm>
</RootTerm>
</LoopStmnt>
</StmntSeq>
</HierarchyLvl>
<HierarchyLvl HierarchyLvlId="1190" HierarchyLvlTypeId="5" Intrnl_Id="71" Name="dodajSamochod">
<Header>
<Loc EndOffset="1273" SrcFileId="2" StartOffset="1229"/>
</Header>
<LocList>
<Loc EndOffset="1309" SrcFileId="2" StartOffset="1229"/>
</LocList>
<StmntSeq Intrnl_Id="72">
<LocList>
<Loc EndOffset="1305" SrcFileId="2" StartOffset="1281"/>
</LocList>
<BasicStmnt CovItemId="S19" CovItemPrefix="samochody.Kierowca.java" Intrnl_Id="73">
<LocList>
<Loc EndOffset="1305" SrcFileId="2" StartOffset="1281"/>
</LocList>
</BasicStmnt>
</StmntSeq>
</HierarchyLvl>
</HierarchyLvl>
</HierarchyLvl>
</HierarchyLvl>
</MASTRoot>
</TestSessionContainer>
